#
# A fatal error has been detected by the Java Runtime Environment:
#
#  EXCEPTION_ACCESS_VIOLATION (0xc0000005) at pc=0x000000006d1747ca, pid=6268, tid=4756
#
# JRE version: 6.0_26-b03
# Java VM: Java HotSpot(TM) 64-Bit Server VM (20.1-b02 mixed mode windows-amd64 compressed oops)
# Problematic frame:
# C  [awt.dll+0xd47ca]
#
# If you would like to submit a bug report, please visit:
#   http://java.sun.com/webapps/bugreport/crash.jsp
# The crash happened outside the Java Virtual Machine in native code.
# See problematic frame for where to report the bug.
#

---------------  T H R E A D  ---------------

Current thread (0x0000000007206800):  JavaThread "AWT-Windows" daemon [_thread_in_native, id=4756, stack(0x0000000007770000,0x0000000007870000)]

siginfo: ExceptionCode=0xc0000005, reading address 0xffffffffffffffff

Registers:
RAX=0x000000006d1b3fb2, RBX=0x00000000072069d0, RCX=0x00000000086c18a0, RDX=0x000000006d0a0000
RSP=0x000000000786f510, RBP=0x000000006d211e00, RSI=0x0000000000000000, RDI=0x00000000086c18a0
R8 =0x000000006df952c0, R9 =0x0000000000000000, R10=0x0000000000000001, R11=0x0000000000000000
R12=0x0000000000000000, R13=0x000000000000981a, R14=0x0000000000330720, R15=0x0000000000330720
RIP=0x000000006d1747ca, EFLAGS=0x0000000000010202

Top of Stack: (sp=0x000000000786f510)
0x000000000786f510:   00000000072069d0 00000000072069d0
0x000000000786f520:   0000000000000000 00000000086c18a0
0x000000000786f530:   000000000000981a 000007fffff96000
0x000000000786f540:   0000000000000000 0000000076e2f5fb
0x000000000786f550:   0000000100000001 00000000072069d0
0x000000000786f560:   000000000000981a 0000000000000000
0x000000000786f570:   000000000000981a 0000000076e39bd1
0x000000000786f580:   0000000000000000 0000000000000000
0x000000000786f590:   0000000000000001 0000000000000000
0x000000000786f5a0:   0000000000000000 0000000000000038
0x000000000786f5b0:   0000000000000000 0000000000000000
0x000000000786f5c0:   0000000000000000 00000000773f1225
0x000000000786f5d0:   0000000000000048 0000000000000001
0x000000000786f5e0:   0000000000000000 0000000000000000
0x000000000786f5f0:   0000000000000030 ffffffffffffffff
0x000000000786f600:   ffffffffffffffff 0000000076e39b43 

Instructions: (pc=0x000000006d1747ca)
0x000000006d1747aa:   2a 04 03 00 90 48 8b 03 33 d2 48 8b cb ff 90 a0
0x000000006d1747ba:   00 00 00 33 c0 e9 bf 03 00 00 48 8b 07 48 8b cf
0x000000006d1747ca:   ff 50 20 85 c0 74 0f 48 8b 07 ba 01 00 00 00 48
0x000000006d1747da:   8b cf ff 10 eb 19 45 33 c9 4c 8b c7 ba 1a 98 00 


Register to memory mapping:

RAX=0x000000006d1b3fb2 is an unknown value
RBX=0x00000000072069d0 is an unknown value
RCX=0x00000000086c18a0 is an unknown value
RDX=0x000000006d0a0000 is an unknown value
RSP=0x000000000786f510 is pointing into the stack for thread: 0x0000000007206800
RBP=0x000000006d211e00 is an unknown value
RSI=0x0000000000000000 is an unknown value
RDI=0x00000000086c18a0 is an unknown value
R8 =0x000000006df952c0 is an unknown value
R9 =0x0000000000000000 is an unknown value
R10=0x0000000000000001 is an unknown value
R11=0x0000000000000000 is an unknown value
R12=0x0000000000000000 is an unknown value
R13=0x000000000000981a is an unknown value
R14=0x0000000000330720 is an unknown value
R15=0x0000000000330720 is an unknown value


Stack: [0x0000000007770000,0x0000000007870000],  sp=0x000000000786f510,  free space=1021k
Native frames: (J=compiled Java code, j=interpreted, Vv=VM code, C=native code)
C  [awt.dll+0xd47ca]  Java_sun_awt_windows_WToolkit_loadSystemColors+0x91a

Java frames: (J=compiled Java code, j=interpreted, Vv=VM code)
j  sun.awt.windows.WToolkit.eventLoop()V+0
j  sun.awt.windows.WToolkit.run()V+52
j  java.lang.Thread.run()V+11
v  ~StubRoutines::call_stub

---------------  P R O C E S S  ---------------

Java Threads: ( => current thread )
  0x00000000097e4800 JavaThread "Thread-1" daemon [_thread_in_native, id=2764, stack(0x000000000b600000,0x000000000b700000)]
  0x00000000067ad000 JavaThread "Thread-9" daemon [_thread_blocked, id=4920, stack(0x0000000009430000,0x0000000009530000)]
  0x00000000067ac000 JavaThread "Thread-8" daemon [_thread_blocked, id=2644, stack(0x0000000009330000,0x0000000009430000)]
  0x00000000082e1800 JavaThread "Thread-7" daemon [_thread_blocked, id=6640, stack(0x0000000009230000,0x0000000009330000)]
  0x00000000082e1000 JavaThread "Thread-6" daemon [_thread_blocked, id=5668, stack(0x0000000009130000,0x0000000009230000)]
  0x0000000008290000 JavaThread "Thread-5" daemon [_thread_blocked, id=6972, stack(0x0000000008f40000,0x0000000009040000)]
  0x00000000081b8000 JavaThread "Thread-4" [_thread_in_native, id=6312, stack(0x0000000008b40000,0x0000000008c40000)]
  0x000000000814e800 JavaThread "Thread-3" [_thread_blocked, id=960, stack(0x0000000008c40000,0x0000000008d40000)]
  0x00000000003fd800 JavaThread "DestroyJavaVM" [_thread_blocked, id=1904, stack(0x0000000002600000,0x0000000002700000)]
  0x000000000687d800 JavaThread "AWT-EventQueue-0" [_thread_blocked, id=2708, stack(0x0000000007b80000,0x0000000007c80000)]
=>0x0000000007206800 JavaThread "AWT-Windows" daemon [_thread_in_native, id=4756, stack(0x0000000007770000,0x0000000007870000)]
  0x0000000007206000 JavaThread "AWT-Shutdown" [_thread_blocked, id=3276, stack(0x0000000007670000,0x0000000007770000)]
  0x0000000007205000 JavaThread "Java2D Disposer" daemon [_thread_in_native, id=6016, stack(0x0000000007570000,0x0000000007670000)]
  0x00000000066ec000 JavaThread "Low Memory Detector" daemon [_thread_blocked, id=6688, stack(0x0000000006d80000,0x0000000006e80000)]
  0x00000000066e1800 JavaThread "C2 CompilerThread1" daemon [_thread_blocked, id=6876, stack(0x0000000006c80000,0x0000000006d80000)]
  0x00000000066dc000 JavaThread "C2 CompilerThread0" daemon [_thread_blocked, id=5756, stack(0x0000000006b80000,0x0000000006c80000)]
  0x00000000066d9000 JavaThread "Attach Listener" daemon [_thread_blocked, id=6504, stack(0x0000000006a80000,0x0000000006b80000)]
  0x00000000066d4000 JavaThread "Signal Dispatcher" daemon [_thread_blocked, id=4904, stack(0x0000000006980000,0x0000000006a80000)]
  0x000000000069d800 JavaThread "Finalizer" daemon [_thread_blocked, id=5592, stack(0x0000000006880000,0x0000000006980000)]
  0x0000000000696800 JavaThread "Reference Handler" daemon [_thread_blocked, id=2748, stack(0x0000000006580000,0x0000000006680000)]

Other Threads:
  0x0000000000690000 VMThread [stack: 0x0000000006480000,0x0000000006580000] [id=3448]
  0x00000000066f5800 WatcherThread [stack: 0x0000000006e80000,0x0000000006f80000] [id=5136]

VM state:not at safepoint (normal execution)

VM Mutex/Monitor currently owned by a thread: None

Heap
 PSYoungGen      total 124672K, used 41402K [0x00000000eb600000, 0x00000000f6360000, 0x0000000100000000)
  eden space 85120K, 18% used [0x00000000eb600000,0x00000000ec54e888,0x00000000f0920000)
  from space 39552K, 65% used [0x00000000f0920000,0x00000000f2240010,0x00000000f2fc0000)
  to   space 40896K, 0% used [0x00000000f3b70000,0x00000000f3b70000,0x00000000f6360000)
 PSOldGen        total 226048K, used 156415K [0x00000000c2200000, 0x00000000cfec0000, 0x00000000eb600000)
  object space 226048K, 69% used [0x00000000c2200000,0x00000000cbabfff0,0x00000000cfec0000)
 PSPermGen       total 49344K, used 23868K [0x00000000bd000000, 0x00000000c0030000, 0x00000000c2200000)
  object space 49344K, 48% used [0x00000000bd000000,0x00000000be74f2e0,0x00000000c0030000)

Code Cache  [0x0000000002700000, 0x0000000002970000, 0x0000000005700000)
 total_blobs=787 nmethods=342 adapters=398 free_code_cache=49029120 largest_free_block=9088

Dynamic libraries:
0x0000000000400000 - 0x000000000042e000 	C:\OSDE\java\jdk1.6.0_26-64bit-oracle\bin\javaw.exe
0x00000000773a0000 - 0x0000000077549000 	C:\Windows\SYSTEM32\ntdll.dll
0x0000000077130000 - 0x000000007724f000 	C:\Windows\system32\kernel32.dll
0x000007fefd930000 - 0x000007fefd99c000 	C:\Windows\system32\KERNELBASE.dll
0x000007fefeee0000 - 0x000007fefefbb000 	C:\Windows\system32\ADVAPI32.dll
0x000007fefefc0000 - 0x000007feff05f000 	C:\Windows\system32\msvcrt.dll
0x000007fefeec0000 - 0x000007fefeedf000 	C:\Windows\SYSTEM32\sechost.dll
0x000007feff190000 - 0x000007feff2bd000 	C:\Windows\system32\RPCRT4.dll
0x0000000076e20000 - 0x0000000076f1a000 	C:\Windows\system32\USER32.dll
0x000007feff060000 - 0x000007feff0c7000 	C:\Windows\system32\GDI32.dll
0x000007fefed90000 - 0x000007fefed9e000 	C:\Windows\system32\LPK.dll
0x000007fefdcd0000 - 0x000007fefdd99000 	C:\Windows\system32\USP10.dll
0x000007fefd6d0000 - 0x000007fefd727000 	C:\Windows\system32\apphelp.dll
0x000007fef75b0000 - 0x000007fef7601000 	C:\Windows\AppPatch\AppPatch64\AcGenral.DLL
0x000007fefd6a0000 - 0x000007fefd6c5000 	C:\Windows\system32\SspiCli.dll
0x000007feff0d0000 - 0x000007feff141000 	C:\Windows\system32\SHLWAPI.dll
0x000007feff4a0000 - 0x000007feff6a3000 	C:\Windows\system32\ole32.dll
0x000007fefded0000 - 0x000007fefec58000 	C:\Windows\system32\SHELL32.dll
0x00000000730c0000 - 0x00000000730c3000 	C:\Windows\system32\sfc.dll
0x000007fef9af0000 - 0x000007fef9b00000 	C:\Windows\system32\sfc_os.DLL
0x000007fefc7a0000 - 0x000007fefc7be000 	C:\Windows\system32\USERENV.dll
0x000007fefd800000 - 0x000007fefd80f000 	C:\Windows\system32\profapi.dll
0x000007fefb9f0000 - 0x000007fefba08000 	C:\Windows\system32\dwmapi.dll
0x000007fef97c0000 - 0x000007fef97d8000 	C:\Windows\system32\MPR.dll
0x000007feff160000 - 0x000007feff18e000 	C:\Windows\system32\IMM32.DLL
0x000007fefec80000 - 0x000007fefed89000 	C:\Windows\system32\MSCTF.dll
0x000000006d890000 - 0x000000006e048000 	C:\OSDE\java\jdk1.6.0_26-64bit-oracle\jre\bin\server\jvm.dll
0x000007fefb720000 - 0x000007fefb75b000 	C:\Windows\system32\WINMM.dll
0x000000006d800000 - 0x000000006d80e000 	C:\OSDE\java\jdk1.6.0_26-64bit-oracle\jre\bin\verify.dll
0x000000006d450000 - 0x000000006d477000 	C:\OSDE\java\jdk1.6.0_26-64bit-oracle\jre\bin\java.dll
0x0000000077570000 - 0x0000000077577000 	C:\Windows\system32\PSAPI.DLL
0x000000006d850000 - 0x000000006d862000 	C:\OSDE\java\jdk1.6.0_26-64bit-oracle\jre\bin\zip.dll
0x000000006d0a0000 - 0x000000006d263000 	C:\OSDE\java\jdk1.6.0_26-64bit-oracle\jre\bin\awt.dll
0x000007fefae40000 - 0x000007fefaeb1000 	C:\Windows\system32\WINSPOOL.DRV
0x000007fefc900000 - 0x000007fefcaf4000 	C:\Windows\WinSxS\amd64_microsoft.windows.common-controls_6595b64144ccf1df_6.0.7601.17514_none_fa396087175ac9ac\COMCTL32.dll
0x000007fef4e70000 - 0x000007fef4f10000 	C:\Windows\WinSxS\amd64_microsoft.windows.common-controls_6595b64144ccf1df_5.82.7601.17514_none_a4d6a923711520a9\comctl32.dll
0x0000000180000000 - 0x0000000180054000 	C:\Program Files (x86)\Lenovo\Onekey Theater\ActiveDetect64.dll
0x00000000003a0000 - 0x00000000003cb000 	C:\Program Files (x86)\Lenovo\Onekey Theater\WindowsApiHookDll64.dll
0x000007fefc5b0000 - 0x000007fefc5bc000 	C:\Windows\system32\VERSION.dll
0x000007fefd730000 - 0x000007fefd73f000 	C:\Windows\system32\CRYPTBASE.dll
0x000000006d340000 - 0x000000006d3a6000 	C:\OSDE\java\jdk1.6.0_26-64bit-oracle\jre\bin\fontmanager.dll
0x000007feead90000 - 0x000007feeadcf000 	C:\Program Files\Lenovo\Bluetooth Software\btmmhook.dll
0x000007fefddf0000 - 0x000007fefdec7000 	C:\Windows\system32\OLEAUT32.dll
0x000000006d6a0000 - 0x000000006d6b7000 	C:\OSDE\java\jdk1.6.0_26-64bit-oracle\jre\bin\net.dll
0x000007fefdda0000 - 0x000007fefdded000 	C:\Windows\system32\WS2_32.dll
0x000007feff150000 - 0x000007feff158000 	C:\Windows\system32\NSI.dll
0x000007fefd050000 - 0x000007fefd0a5000 	C:\Windows\system32\mswsock.dll
0x000007fefd040000 - 0x000007fefd047000 	C:\Windows\System32\wship6.dll
0x000000006d6c0000 - 0x000000006d6cb000 	C:\OSDE\java\jdk1.6.0_26-64bit-oracle\jre\bin\nio.dll
0x000007fefc680000 - 0x000007fefc687000 	C:\Windows\System32\wshtcpip.dll
0x000007fefced0000 - 0x000007fefcf2b000 	C:\Windows\system32\DNSAPI.dll
0x000007fef8e50000 - 0x000007fef8e7e000 	C:\Program Files\Common Files\Microsoft Shared\Windows Live\WLIDNSP.DLL
0x000007fefb340000 - 0x000007fefb367000 	C:\Windows\system32\IPHLPAPI.DLL
0x000007fefb3b0000 - 0x000007fefb3bb000 	C:\Windows\system32\WINNSI.DLL
0x000007fef8e40000 - 0x000007fef8e48000 	C:\Windows\system32\rasadhlp.dll
0x000007fefb280000 - 0x000007fefb2d3000 	C:\Windows\System32\fwpuclnt.dll
0x000007fefd0b0000 - 0x000007fefd0c7000 	C:\Windows\system32\CRYPTSP.dll
0x000007fefcdb0000 - 0x000007fefcdf7000 	C:\Windows\system32\rsaenh.dll
0x000007fefb760000 - 0x000007fefb775000 	C:\Windows\system32\NLAapi.dll
0x000007fef8cf0000 - 0x000007fef8d05000 	C:\Windows\system32\napinsp.dll
0x000007fef8cd0000 - 0x000007fef8ce9000 	C:\Windows\system32\pnrpnsp.dll
0x000007fef8cc0000 - 0x000007fef8ccb000 	C:\Windows\System32\winrnr.dll
0x000007fef8cb0000 - 0x000007fef8cc0000 	C:\Windows\system32\wshbth.dll
0x000000006d5e0000 - 0x000000006d5ea000 	C:\OSDE\java\jdk1.6.0_26-64bit-oracle\jre\bin\management.dll

VM Arguments:
jvm_args: -Dfile.encoding=Cp1252 
java_command: ar.com.epidataconsulting.drools.CandyCrushTest
Launcher Type: SUN_STANDARD

Environment Variables:
JAVA_HOME=C:\OSDE\java\jdk1.6.0_26-64bit-oracle
JRE_HOME=C:\OSDE\java\jdk1.6.0_26-64bit-oracle\jre
PATH=C:/OSDE/java/jdk1.6.0_26-64bit-oracle/bin/../jre/bin/server;C:/OSDE/java/jdk1.6.0_26-64bit-oracle/bin/../jre/bin;C:/OSDE/java/jdk1.6.0_26-64bit-oracle/bin/../jre/lib/amd64;C:\Program Files\Common Files\Microsoft Shared\Windows Live;C:\Program Files (x86)\Common Files\Microsoft Shared\Windows Live;C:\Program Files (x86)\Intel\iCLS Client\;C:\Program Files\Intel\iCLS Client\;C:\Program Files\Broadcom\Broadcom 802.11 Network Adapter\Driver;;C:\Windows\system32;C:\Windows;C:\Windows\System32\Wbem;C:\Windows\System32\WindowsPowerShell\v1.0\;C:\Program Files (x86)\Intel\OpenCL SDK\2.0\bin\x86;C:\Program Files (x86)\Intel\OpenCL SDK\2.0\bin\x64;C:\Program Files\Lenovo\Bluetooth Software\;C:\Program Files\Lenovo\Bluetooth Software\syswow64;;C:\Program Files\Intel\Intel(R) Management Engine Components\DAL;C:\Program Files\Intel\Intel(R) Management Engine Components\IPT;C:\Program Files (x86)\Intel\Intel(R) Management Engine Components\DAL;C:\Program Files (x86)\Intel\Intel(R) Management Engine Components\IPT;C:\Program Files (x86)\Windows Live\Shared;C:\Program Files\mpxp160wa3;C:\OSDE\java\jdk1.6.0_26-64bit-oracle\bin;C:\OSDE\apache-maven\bin;C:\OSDE\java\jdk1.6.0_26-64bit-oracle\jre\bin;C:\OSDE\eclipse;
USERNAME=EP30873479
OS=Windows_NT
PROCESSOR_IDENTIFIER=Intel64 Family 6 Model 42 Stepping 7, GenuineIntel



---------------  S Y S T E M  ---------------

OS: Windows 7 Build 7601 Service Pack 1

CPU:total 4 (2 cores per cpu, 2 threads per core) family 6 model 42 stepping 7, cmov, cx8, fxsr, mmx, sse, sse2, sse3, ssse3, sse4.1, sse4.2, popcnt, ht

Memory: 4k page, physical 4050244k(797052k free), swap 8098636k(3621036k free)

vm_info: Java HotSpot(TM) 64-Bit Server VM (20.1-b02) for windows-amd64 JRE (1.6.0_26-b03), built on May  4 2011 07:15:24 by "java_re" with MS VC++ 8.0 (VS2005)

time: Tue Jul 23 23:56:35 2013
elapsed time: 177 seconds

